<?xml version="1.0" encoding="UTF-8"?>
<!-- Generated by org.testng.reporters.JUnitReportReporter -->
<testsuite hostname="DESKTOP-ESENG6" failures="0" tests="8" name="Sample" time="37.438" errors="0" timestamp="2019-11-04T09:06:04 IST" skipped="0">
  <testcase classname="Sample" name="test1" time="11.510"/>
  <testcase classname="Sample" name="test2" time="7.201"/>
  <testcase classname="Sample" name="test3" time="4.920"/>
  <testcase classname="Sample" name="test4" time="8.321"/>
  <testcase classname="Sample" name="test5" time="2.177"/>
  <testcase classname="Sample" name="test6" time="0.143"/>
  <testcase classname="Sample" name="test7" time="0.104"/>
  <testcase classname="Sample" name="test8" time="3.062"/>
</testsuite> <!-- Sample -->
